Build started 12/14/2014 12:34:06 PM.
     1>Project "F:\Users\F\Documents\Visual Studio\Raytracer\Raytracer\Raytracer.vcxproj" on node 2 (Build target(s)).
     1>ClCompile:
         C:\Program Files (x86)\Microsoft Visual Studio 12.0\VC\bin\CL.exe /c /I"C:\Program Files\freeglut\include" /Zi /nologo /W3 /WX- /sdl /O2 /Oi /Oy- /GL /D _MBCS /Gm- /EHsc /MD /GS /Gy /fp:precise /Zc:wchar_t /Zc:forScope /Fo"Release\\" /Fd"Release\vc120.pdb" /Gd /TP /analyze- /errorReport:prompt main.cpp
         main.cpp
     1>main.cpp(870): warning C4018: '<' : signed/unsigned mismatch
     1>main.cpp(893): warning C4018: '<' : signed/unsigned mismatch
     1>main.cpp(901): warning C4018: '<' : signed/unsigned mismatch
     1>main.cpp(909): warning C4018: '<' : signed/unsigned mismatch
     1>main.cpp(944): warning C4244: 'argument' : conversion from 'double' to 'GLfloat', possible loss of data
     1>main.cpp(946): warning C4244: 'argument' : conversion from 'double' to 'GLfloat', possible loss of data
     1>main.cpp(1020): warning C4018: '<' : signed/unsigned mismatch
     1>main.cpp(1025): warning C4018: '<' : signed/unsigned mismatch
     1>main.cpp(1030): warning C4018: '<' : signed/unsigned mismatch
     1>main.cpp(1035): warning C4018: '<' : signed/unsigned mismatch
     1>main.cpp(1043): warning C4018: '<' : signed/unsigned mismatch
     1>main.cpp(1048): warning C4018: '<' : signed/unsigned mismatch
     1>main.cpp(1053): warning C4018: '<' : signed/unsigned mismatch
     1>main.cpp(1058): warning C4018: '<' : signed/unsigned mismatch
     1>main.cpp(1066): warning C4018: '<' : signed/unsigned mismatch
     1>main.cpp(1071): warning C4018: '<' : signed/unsigned mismatch
     1>main.cpp(1076): warning C4018: '<' : signed/unsigned mismatch
     1>main.cpp(1081): warning C4018: '<' : signed/unsigned mismatch
     1>main.cpp(1096): warning C4018: '<' : signed/unsigned mismatch
     1>main.cpp(1101): warning C4018: '<' : signed/unsigned mismatch
     1>main.cpp(1106): warning C4018: '<' : signed/unsigned mismatch
     1>main.cpp(1111): warning C4018: '<' : signed/unsigned mismatch
     1>main.cpp(1119): warning C4018: '<' : signed/unsigned mismatch
     1>main.cpp(1124): warning C4018: '<' : signed/unsigned mismatch
     1>main.cpp(1129): warning C4018: '<' : signed/unsigned mismatch
     1>main.cpp(1134): warning C4018: '<' : signed/unsigned mismatch
     1>main.cpp(1142): warning C4018: '<' : signed/unsigned mismatch
     1>main.cpp(1147): warning C4018: '<' : signed/unsigned mismatch
     1>main.cpp(1152): warning C4018: '<' : signed/unsigned mismatch
     1>main.cpp(1157): warning C4018: '<' : signed/unsigned mismatch
       Link:
         C:\Program Files (x86)\Microsoft Visual Studio 12.0\VC\bin\link.exe /ERRORREPORT:PROMPT /OUT:"F:\Users\F\Documents\Visual Studio\Raytracer\Release\Raytracer.exe" /NOLOGO kernel32.lib user32.lib gdi32.lib winspool.lib comdlg32.lib advapi32.lib shell32.lib ole32.lib oleaut32.lib uuid.lib odbc32.lib odbccp32.lib /MANIFEST /MANIFESTUAC:"level='asInvoker' uiAccess='false'" /manifest:embed /DEBUG /PDB:"F:\Users\F\Documents\Visual Studio\Raytracer\Release\Raytracer.pdb" /OPT:REF /OPT:ICF /LTCG /TLBID:1 /DYNAMICBASE /NXCOMPAT /IMPLIB:"F:\Users\F\Documents\Visual Studio\Raytracer\Release\Raytracer.lib" /MACHINE:X86 /SAFESEH Release\main.obj
         Generating code
         Finished generating code
         Raytracer.vcxproj -> F:\Users\F\Documents\Visual Studio\Raytracer\Release\Raytracer.exe
     1>Done Building Project "F:\Users\F\Documents\Visual Studio\Raytracer\Raytracer\Raytracer.vcxproj" (Build target(s)).

Build succeeded.

Time Elapsed 00:00:01.25
